docs/src/easypackx/uniappx-native-android/tmx-call-phone/build/intermediates/manifest_merge_blame_file/debug/processDebugManifest/manifest-merger-blame-debug-report.txt
1<?xml version="1.0" encoding="utf-8"?>
2<manifest xmlns:android="http://schemas.android.com/apk/res/android"
3    xmlns:tools="http://schemas.android.com/tools"
4    package="io.dcloud.uni_modules.xCallPhone" >
5
6    <uses-sdk android:minSdkVersion="21" />
7
8    <uses-permission android:name="android.permission.CALL_PHONE" />
8-->src\main\AndroidManifest.xml:3:5-68
8-->src\main\AndroidManifest.xml:3:22-66
9
10</manifest>